<?xml version="1.0" encoding="UTF-8"?>
<testsuite name="com.db.awmd.challenge.AccountsServiceTest" tests="2" skipped="0" failures="0" errors="0" timestamp="2020-07-20T09:44:23" hostname="DESKTOP-TUE12FA" time="0.009">
  <properties/>
  <testcase name="addAccount" classname="com.db.awmd.challenge.AccountsServiceTest" time="0.006"/>
  <testcase name="addAccount_failsOnDuplicateId" classname="com.db.awmd.challenge.AccountsServiceTest" time="0.002"/>
  <system-out><![CDATA[2020-07-20 15:14:21.528  INFO 12236 --- [    Test worker] .b.t.c.SpringBootTestContextBootstrapper : Neither @ContextConfiguration nor @ContextHierarchy found for test class [com.db.awmd.challenge.AccountsServiceTest], using SpringBootContextLoader
2020-07-20 15:14:21.529  INFO 12236 --- [    Test worker] o.s.t.c.support.AbstractContextLoader    : Could not detect default resource locations for test class [com.db.awmd.challenge.AccountsServiceTest]: no resource found for suffixes {-context.xml, Context.groovy}.
2020-07-20 15:14:21.529  INFO 12236 --- [    Test worker] t.c.s.AnnotationConfigContextLoaderUtils : Could not detect default configuration classes for test class [com.db.awmd.challenge.AccountsServiceTest]: AccountsServiceTest does not declare any static, non-private, non-final, nested classes annotated with @Configuration.
2020-07-20 15:14:21.535  INFO 12236 --- [    Test worker] .b.t.c.SpringBootTestContextBootstrapper : Found @SpringBootConfiguration com.db.awmd.challenge.DevChallengeApplication for test class com.db.awmd.challenge.AccountsServiceTest
2020-07-20 15:14:21.540  INFO 12236 --- [    Test worker] .b.t.c.SpringBootTestContextBootstrapper : Loaded default TestExecutionListener class names from location [META-INF/spring.factories]: [org.springframework.boot.test.autoconfigure.restdocs.RestDocsTestExecutionListener, org.springframework.boot.test.autoconfigure.web.client.MockRestServiceServerResetTestExecutionListener, org.springframework.boot.test.autoconfigure.web.servlet.MockMvcPrintOnlyOnFailureTestExecutionListener, org.springframework.boot.test.autoconfigure.web.servlet.WebDriverTestExecutionListener, org.springframework.boot.test.mock.mockito.MockitoTestExecutionListener, org.springframework.boot.test.mock.mockito.ResetMocksTestExecutionListener, org.springframework.test.context.web.ServletTestExecutionListener, org.springframework.test.context.support.DirtiesContextBeforeModesTestExecutionListener, org.springframework.test.context.support.DependencyInjectionTestExecutionListener, org.springframework.test.context.support.DirtiesContextTestExecutionListener, org.springframework.test.context.transaction.TransactionalTestExecutionListener, org.springframework.test.context.jdbc.SqlScriptsTestExecutionListener]
2020-07-20 15:14:21.544  INFO 12236 --- [    Test worker] .b.t.c.SpringBootTestContextBootstrapper : Could not instantiate TestExecutionListener [org.springframework.test.context.transaction.TransactionalTestExecutionListener]. Specify custom listener classes or make the default listener classes (and their required dependencies) available. Offending class: [org/springframework/transaction/interceptor/TransactionAttributeSource]
2020-07-20 15:14:21.544  INFO 12236 --- [    Test worker] .b.t.c.SpringBootTestContextBootstrapper : Could not instantiate TestExecutionListener [org.springframework.test.context.jdbc.SqlScriptsTestExecutionListener]. Specify custom listener classes or make the default listener classes (and their required dependencies) available. Offending class: [org/springframework/transaction/interceptor/TransactionAttribute]
2020-07-20 15:14:21.544  INFO 12236 --- [    Test worker] .b.t.c.SpringBootTestContextBootstrapper : Using TestExecutionListeners: [org.springframework.test.context.web.ServletTestExecutionListener@238f0738, org.springframework.test.context.support.DirtiesContextBeforeModesTestExecutionListener@5a445a06, org.springframework.boot.test.autoconfigure.SpringBootDependencyInjectionTestExecutionListener@77d594c8, org.springframework.test.context.support.DirtiesContextTestExecutionListener@6455933c, org.springframework.boot.test.autoconfigure.restdocs.RestDocsTestExecutionListener@3fb8fe49, org.springframework.boot.test.mock.mockito.MockitoTestExecutionListener@47d417d2, org.springframework.boot.test.mock.mockito.ResetMocksTestExecutionListener@1cfcb834, org.springframework.boot.test.autoconfigure.web.client.MockRestServiceServerResetTestExecutionListener@547804e4, org.springframework.boot.test.autoconfigure.web.servlet.WebDriverTestExecutionListener@2c4af294, org.springframework.boot.test.autoconfigure.web.servlet.MockMvcPrintOnlyOnFailureTestExecutionListener@4bc71a48]

  .   ____          _            __ _ _
 /\\ / ___'_ __ _ _(_)_ __  __ _ \ \ \ \
( ( )\___ | '_ | '_| | '_ \/ _` | \ \ \ \
 \\/  ___)| |_)| | | | | || (_| |  ) ) ) )
  '  |____| .__|_| |_|_| |_\__, | / / / /
 =========|_|==============|___/=/_/_/_/
 :: Spring Boot ::        (v1.5.4.RELEASE)

2020-07-20 15:14:21.641  INFO 12236 --- [    Test worker] c.db.awmd.challenge.AccountsServiceTest  : Starting AccountsServiceTest on DESKTOP-TUE12FA with PID 12236 (started by yoga in D:\DBankChallenge)
2020-07-20 15:14:21.641  INFO 12236 --- [    Test worker] c.db.awmd.challenge.AccountsServiceTest  : No active profile set, falling back to default profiles: default
2020-07-20 15:14:21.647  INFO 12236 --- [    Test worker] o.s.w.c.s.GenericWebApplicationContext   : Refreshing org.springframework.web.context.support.GenericWebApplicationContext@414f104a: startup date [Mon Jul 20 15:14:21 IST 2020]; root of context hierarchy
2020-07-20 15:14:22.865  INFO 12236 --- [    Test worker] s.w.s.m.m.a.RequestMappingHandlerAdapter : Looking for @ControllerAdvice: org.springframework.web.context.support.GenericWebApplicationContext@414f104a: startup date [Mon Jul 20 15:14:21 IST 2020]; root of context hierarchy
2020-07-20 15:14:22.887  INFO 12236 --- [    Test worker] s.w.s.m.m.a.RequestMappingHandlerMapping : Mapped "{[/v1/accounts/{accountId}],methods=[GET]}" onto public com.db.awmd.challenge.domain.Account com.db.awmd.challenge.web.AccountsController.getAccount(java.lang.String)
2020-07-20 15:14:22.887  INFO 12236 --- [    Test worker] s.w.s.m.m.a.RequestMappingHandlerMapping : Mapped "{[/v1/accounts],methods=[POST],consumes=[application/json]}" onto public org.springframework.http.ResponseEntity<java.lang.Object> com.db.awmd.challenge.web.AccountsController.createAccount(com.db.awmd.challenge.domain.Account)
2020-07-20 15:14:22.887  INFO 12236 --- [    Test worker] s.w.s.m.m.a.RequestMappingHandlerMapping : Mapped "{[/v1.0/accounts/fundtransfer],methods=[POST],consumes=[application/json]}" onto public org.springframework.http.ResponseEntity<java.lang.Object> com.db.awmd.challenge.web.FundTransferController.doTransfer(com.db.awmd.challenge.domain.FundTransfer)
2020-07-20 15:14:22.887  INFO 12236 --- [    Test worker] s.w.s.m.m.a.RequestMappingHandlerMapping : Mapped "{[/error]}" onto public org.springframework.http.ResponseEntity<java.util.Map<java.lang.String, java.lang.Object>> org.springframework.boot.autoconfigure.web.BasicErrorController.error(javax.servlet.http.HttpServletRequest)
2020-07-20 15:14:22.887  INFO 12236 --- [    Test worker] s.w.s.m.m.a.RequestMappingHandlerMapping : Mapped "{[/error],produces=[text/html]}" onto public org.springframework.web.servlet.ModelAndView org.springframework.boot.autoconfigure.web.BasicErrorController.errorHtml(javax.servlet.http.HttpServletRequest,javax.servlet.http.HttpServletResponse)
2020-07-20 15:14:22.920  INFO 12236 --- [    Test worker] o.s.w.s.handler.SimpleUrlHandlerMapping  : Mapped URL path [/webjars/**] onto handler of type [class org.springframework.web.servlet.resource.ResourceHttpRequestHandler]
2020-07-20 15:14:22.920  INFO 12236 --- [    Test worker] o.s.w.s.handler.SimpleUrlHandlerMapping  : Mapped URL path [/**] onto handler of type [class org.springframework.web.servlet.resource.ResourceHttpRequestHandler]
2020-07-20 15:14:22.958  INFO 12236 --- [    Test worker] o.s.w.s.handler.SimpleUrlHandlerMapping  : Mapped URL path [/**/favicon.ico] onto handler of type [class org.springframework.web.servlet.resource.ResourceHttpRequestHandler]
2020-07-20 15:14:23.135  INFO 12236 --- [    Test worker] c.db.awmd.challenge.AccountsServiceTest  : Started AccountsServiceTest in 1.581 seconds (JVM running for 7.375)
]]></system-out>
  <system-err><![CDATA[]]></system-err>
</testsuite>
