<?xml version="1.0" encoding="UTF-8"?>
<testsuite name="com.db.awmd.challenge.FundTransferServiceTest" tests="5" skipped="0" failures="0" errors="0" timestamp="2020-07-20T09:44:23" hostname="DESKTOP-TUE12FA" time="0.001">
  <properties/>
  <testcase name="testNotEnoughFunds" classname="com.db.awmd.challenge.FundTransferServiceTest" time="0.0"/>
  <testcase name="excpetionWhenTransferredBetweenSameAccount" classname="com.db.awmd.challenge.FundTransferServiceTest" time="0.0"/>
  <testcase name="notValidAccountFoundToTransferException" classname="com.db.awmd.challenge.FundTransferServiceTest" time="0.0"/>
  <testcase name="validTransferBetweenAccounts" classname="com.db.awmd.challenge.FundTransferServiceTest" time="0.0"/>
  <testcase name="testNoExistingAccountFound" classname="com.db.awmd.challenge.FundTransferServiceTest" time="0.0"/>
  <system-out><![CDATA[]]></system-out>
  <system-err><![CDATA[]]></system-err>
</testsuite>
