<?xml version="1.0" encoding="UTF-8"?>
<testsuite name="com.db.awmd.challenge.AccountsControllerTest" tests="8" skipped="0" failures="0" errors="0" timestamp="2020-07-20T09:44:20" hostname="DESKTOP-TUE12FA" time="0.627">
  <properties/>
  <testcase name="createDuplicateAccount" classname="com.db.awmd.challenge.AccountsControllerTest" time="0.362"/>
  <testcase name="getAccount" classname="com.db.awmd.challenge.AccountsControllerTest" time="0.041"/>
  <testcase name="createAccountNegativeBalance" classname="com.db.awmd.challenge.AccountsControllerTest" time="0.027"/>
  <testcase name="createAccountEmptyAccountId" classname="com.db.awmd.challenge.AccountsControllerTest" time="0.012"/>
  <testcase name="createAccountNoBody" classname="com.db.awmd.challenge.AccountsControllerTest" time="0.008"/>
  <testcase name="createAccount" classname="com.db.awmd.challenge.AccountsControllerTest" time="0.14"/>
  <testcase name="createAccountNoAccountId" classname="com.db.awmd.challenge.AccountsControllerTest" time="0.013"/>
  <testcase name="createAccountNoBalance" classname="com.db.awmd.challenge.AccountsControllerTest" time="0.011"/>
  <system-out><![CDATA[15:14:16.966 [Test worker] DEBUG org.springframework.test.context.junit4.SpringJUnit4ClassRunner - SpringJUnit4ClassRunner constructor called with [class com.db.awmd.challenge.AccountsControllerTest]
15:14:16.976 [Test worker] DEBUG org.springframework.test.context.BootstrapUtils - Instantiating CacheAwareContextLoaderDelegate from class [org.springframework.test.context.cache.DefaultCacheAwareContextLoaderDelegate]
15:14:16.979 [Test worker] DEBUG org.springframework.test.context.BootstrapUtils - Instantiating BootstrapContext using constructor [public org.springframework.test.context.support.DefaultBootstrapContext(java.lang.Class,org.springframework.test.context.CacheAwareContextLoaderDelegate)]
15:14:17.003 [Test worker] DEBUG org.springframework.test.context.BootstrapUtils - Instantiating TestContextBootstrapper for test class [com.db.awmd.challenge.AccountsControllerTest] from class [org.springframework.boot.test.context.SpringBootTestContextBootstrapper]
15:14:17.016 [Test worker] INFO org.springframework.boot.test.context.SpringBootTestContextBootstrapper - Neither @ContextConfiguration nor @ContextHierarchy found for test class [com.db.awmd.challenge.AccountsControllerTest], using SpringBootContextLoader
15:14:17.018 [Test worker] DEBUG org.springframework.test.context.support.AbstractContextLoader - Did not detect default resource location for test class [com.db.awmd.challenge.AccountsControllerTest]: class path resource [com/db/awmd/challenge/AccountsControllerTest-context.xml] does not exist
15:14:17.021 [Test worker] DEBUG org.springframework.test.context.support.AbstractContextLoader - Did not detect default resource location for test class [com.db.awmd.challenge.AccountsControllerTest]: class path resource [com/db/awmd/challenge/AccountsControllerTestContext.groovy] does not exist
15:14:17.021 [Test worker] INFO org.springframework.test.context.support.AbstractContextLoader - Could not detect default resource locations for test class [com.db.awmd.challenge.AccountsControllerTest]: no resource found for suffixes {-context.xml, Context.groovy}.
15:14:17.022 [Test worker] INFO org.springframework.test.context.support.AnnotationConfigContextLoaderUtils - Could not detect default configuration classes for test class [com.db.awmd.challenge.AccountsControllerTest]: AccountsControllerTest does not declare any static, non-private, non-final, nested classes annotated with @Configuration.
15:14:17.066 [Test worker] DEBUG org.springframework.test.context.support.ActiveProfilesUtils - Could not find an 'annotation declaring class' for annotation type [org.springframework.test.context.ActiveProfiles] and class [com.db.awmd.challenge.AccountsControllerTest]
15:14:17.068 [Test worker] DEBUG org.springframework.core.env.StandardEnvironment - Adding [systemProperties] PropertySource with lowest search precedence
15:14:17.076 [Test worker] DEBUG org.springframework.core.env.StandardEnvironment - Adding [systemEnvironment] PropertySource with lowest search precedence
15:14:17.076 [Test worker] DEBUG org.springframework.core.env.StandardEnvironment - Initialized StandardEnvironment with PropertySources [systemProperties,systemEnvironment]
15:14:17.116 [Test worker] DEBUG org.springframework.core.io.support.PathMatchingResourcePatternResolver - Resolved classpath location [com/db/awmd/challenge/] to resources [URL [file:/D:/DBankChallenge/build/classes/java/test/com/db/awmd/challenge/], URL [file:/D:/DBankChallenge/build/classes/java/main/com/db/awmd/challenge/]]
15:14:17.116 [Test worker] DEBUG org.springframework.core.io.support.PathMatchingResourcePatternResolver - Looking for matching resources in directory tree [D:\DBankChallenge\build\classes\java\test\com\db\awmd\challenge]
15:14:17.116 [Test worker] DEBUG org.springframework.core.io.support.PathMatchingResourcePatternResolver - Searching directory [D:\DBankChallenge\build\classes\java\test\com\db\awmd\challenge] for files matching pattern [D:/DBankChallenge/build/classes/java/test/com/db/awmd/challenge/*.class]
15:14:17.127 [Test worker] DEBUG org.springframework.core.io.support.PathMatchingResourcePatternResolver - Looking for matching resources in directory tree [D:\DBankChallenge\build\classes\java\main\com\db\awmd\challenge]
15:14:17.127 [Test worker] DEBUG org.springframework.core.io.support.PathMatchingResourcePatternResolver - Searching directory [D:\DBankChallenge\build\classes\java\main\com\db\awmd\challenge] for files matching pattern [D:/DBankChallenge/build/classes/java/main/com/db/awmd/challenge/*.class]
15:14:17.130 [Test worker] DEBUG org.springframework.core.io.support.PathMatchingResourcePatternResolver - Resolved location pattern [classpath*:com/db/awmd/challenge/*.class] to resources [file [D:\DBankChallenge\build\classes\java\test\com\db\awmd\challenge\AccountsControllerTest.class], file [D:\DBankChallenge\build\classes\java\test\com\db\awmd\challenge\AccountsServiceTest.class], file [D:\DBankChallenge\build\classes\java\test\com\db\awmd\challenge\FundTransferControllerTest.class], file [D:\DBankChallenge\build\classes\java\test\com\db\awmd\challenge\FundTransferServiceTest.class], file [D:\DBankChallenge\build\classes\java\main\com\db\awmd\challenge\DevChallengeApplication.class]]
15:14:17.213 [Test worker] DEBUG org.springframework.context.annotation.ClassPathScanningCandidateComponentProvider - Identified candidate component class: file [D:\DBankChallenge\build\classes\java\main\com\db\awmd\challenge\DevChallengeApplication.class]
15:14:17.217 [Test worker] INFO org.springframework.boot.test.context.SpringBootTestContextBootstrapper - Found @SpringBootConfiguration com.db.awmd.challenge.DevChallengeApplication for test class com.db.awmd.challenge.AccountsControllerTest
15:14:17.221 [Test worker] DEBUG org.springframework.boot.test.context.SpringBootTestContextBootstrapper - @TestExecutionListeners is not present for class [com.db.awmd.challenge.AccountsControllerTest]: using defaults.
15:14:17.227 [Test worker] INFO org.springframework.boot.test.context.SpringBootTestContextBootstrapper - Loaded default TestExecutionListener class names from location [META-INF/spring.factories]: [org.springframework.boot.test.autoconfigure.restdocs.RestDocsTestExecutionListener, org.springframework.boot.test.autoconfigure.web.client.MockRestServiceServerResetTestExecutionListener, org.springframework.boot.test.autoconfigure.web.servlet.MockMvcPrintOnlyOnFailureTestExecutionListener, org.springframework.boot.test.autoconfigure.web.servlet.WebDriverTestExecutionListener, org.springframework.boot.test.mock.mockito.MockitoTestExecutionListener, org.springframework.boot.test.mock.mockito.ResetMocksTestExecutionListener, org.springframework.test.context.web.ServletTestExecutionListener, org.springframework.test.context.support.DirtiesContextBeforeModesTestExecutionListener, org.springframework.test.context.support.DependencyInjectionTestExecutionListener, org.springframework.test.context.support.DirtiesContextTestExecutionListener, org.springframework.test.context.transaction.TransactionalTestExecutionListener, org.springframework.test.context.jdbc.SqlScriptsTestExecutionListener]
15:14:17.237 [Test worker] INFO org.springframework.boot.test.context.SpringBootTestContextBootstrapper - Could not instantiate TestExecutionListener [org.springframework.test.context.transaction.TransactionalTestExecutionListener]. Specify custom listener classes or make the default listener classes (and their required dependencies) available. Offending class: [org/springframework/transaction/interceptor/TransactionAttributeSource]
15:14:17.237 [Test worker] INFO org.springframework.boot.test.context.SpringBootTestContextBootstrapper - Could not instantiate TestExecutionListener [org.springframework.test.context.jdbc.SqlScriptsTestExecutionListener]. Specify custom listener classes or make the default listener classes (and their required dependencies) available. Offending class: [org/springframework/transaction/interceptor/TransactionAttribute]
15:14:17.237 [Test worker] INFO org.springframework.boot.test.context.SpringBootTestContextBootstrapper - Using TestExecutionListeners: [org.springframework.test.context.web.ServletTestExecutionListener@63b92611, org.springframework.test.context.support.DirtiesContextBeforeModesTestExecutionListener@2c652a1a, org.springframework.boot.test.autoconfigure.SpringBootDependencyInjectionTestExecutionListener@f5762f9, org.springframework.test.context.support.DirtiesContextTestExecutionListener@4a29c1be, org.springframework.boot.test.autoconfigure.restdocs.RestDocsTestExecutionListener@600aef44, org.springframework.boot.test.mock.mockito.MockitoTestExecutionListener@653a3ca5, org.springframework.boot.test.mock.mockito.ResetMocksTestExecutionListener@514eca51, org.springframework.boot.test.autoconfigure.web.client.MockRestServiceServerResetTestExecutionListener@556ec5f7, org.springframework.boot.test.autoconfigure.web.servlet.WebDriverTestExecutionListener@62a960d1, org.springframework.boot.test.autoconfigure.web.servlet.MockMvcPrintOnlyOnFailureTestExecutionListener@5642a735]
15:14:17.237 [Test worker] DEBUG org.springframework.test.annotation.ProfileValueUtils - Retrieved @ProfileValueSourceConfiguration [null] for test class [com.db.awmd.challenge.AccountsControllerTest]
15:14:17.253 [Test worker] DEBUG org.springframework.test.annotation.ProfileValueUtils - Retrieved ProfileValueSource type [class org.springframework.test.annotation.SystemProfileValueSource] for class [com.db.awmd.challenge.AccountsControllerTest]
15:14:17.254 [Test worker] DEBUG org.springframework.test.annotation.ProfileValueUtils - Retrieved @ProfileValueSourceConfiguration [null] for test class [com.db.awmd.challenge.AccountsControllerTest]
15:14:17.254 [Test worker] DEBUG org.springframework.test.annotation.ProfileValueUtils - Retrieved ProfileValueSource type [class org.springframework.test.annotation.SystemProfileValueSource] for class [com.db.awmd.challenge.AccountsControllerTest]
15:14:17.258 [Test worker] DEBUG org.springframework.test.context.support.AbstractDirtiesContextTestExecutionListener - Before test class: context [DefaultTestContext@7ea66c87 testClass = AccountsControllerTest, testInstance = [null], testMethod = [null], testException = [null], mergedContextConfiguration = [WebMergedContextConfiguration@6d8e7a88 testClass = AccountsControllerTest, locations = '{}', classes = '{class com.db.awmd.challenge.DevChallengeApplication}', contextInitializerClasses = '[]', activeProfiles = '{}', propertySourceLocations = '{}', propertySourceProperties = '{org.springframework.boot.test.context.SpringBootTestContextBootstrapper=true}', contextCustomizers = set[org.springframework.boot.test.autoconfigure.properties.PropertyMappingContextCustomizer@0, org.springframework.boot.test.autoconfigure.web.servlet.WebDriverContextCustomizerFactory$Customizer@2117d4f7, org.springframework.boot.test.context.SpringBootTestContextCustomizer@6fdbe42f, org.springframework.boot.test.context.filter.ExcludeFilterContextCustomizer@707eddcd, org.springframework.boot.test.json.DuplicateJsonObjectContextCustomizerFactory$DuplicateJsonObjectContextCustomizer@73199705, org.springframework.boot.test.mock.mockito.MockitoContextCustomizer@0, org.springframework.test.context.web.socket.MockServerContainerContextCustomizer@2260cec2], resourceBasePath = 'src/main/webapp', contextLoader = 'org.springframework.boot.test.context.SpringBootContextLoader', parent = [null]]], class annotated with @DirtiesContext [false] with mode [null].
15:14:17.260 [Test worker] DEBUG org.springframework.test.annotation.ProfileValueUtils - Retrieved @ProfileValueSourceConfiguration [null] for test class [com.db.awmd.challenge.AccountsControllerTest]
15:14:17.260 [Test worker] DEBUG org.springframework.test.annotation.ProfileValueUtils - Retrieved ProfileValueSource type [class org.springframework.test.annotation.SystemProfileValueSource] for class [com.db.awmd.challenge.AccountsControllerTest]
15:14:17.321 [Test worker] DEBUG org.springframework.core.env.StandardEnvironment - Adding [systemProperties] PropertySource with lowest search precedence
15:14:17.321 [Test worker] DEBUG org.springframework.core.env.StandardEnvironment - Adding [systemEnvironment] PropertySource with lowest search precedence
15:14:17.322 [Test worker] DEBUG org.springframework.core.env.StandardEnvironment - Initialized StandardEnvironment with PropertySources [systemProperties,systemEnvironment]
15:14:17.323 [Test worker] DEBUG org.springframework.core.env.MutablePropertySources - Adding [inline] PropertySource with highest search precedence
15:14:17.328 [Test worker] DEBUG org.springframework.test.context.support.TestPropertySourceUtils - Adding inlined properties to environment: {spring.jmx.enabled=false, org.springframework.boot.test.context.SpringBootTestContextBootstrapper=true, server.port=-1}
15:14:17.328 [Test worker] DEBUG org.springframework.core.env.StandardEnvironment - Adding [Inlined Test Properties] PropertySource with highest search precedence

  .   ____          _            __ _ _
 /\\ / ___'_ __ _ _(_)_ __  __ _ \ \ \ \
( ( )\___ | '_ | '_| | '_ \/ _` | \ \ \ \
 \\/  ___)| |_)| | | | | || (_| |  ) ) ) )
  '  |____| .__|_| |_|_| |_\__, | / / / /
 =========|_|==============|___/=/_/_/_/
 :: Spring Boot ::        (v1.5.4.RELEASE)

2020-07-20 15:14:17.672  INFO 12236 --- [    Test worker] c.d.a.challenge.AccountsControllerTest   : Starting AccountsControllerTest on DESKTOP-TUE12FA with PID 12236 (started by yoga in D:\DBankChallenge)
2020-07-20 15:14:17.672  INFO 12236 --- [    Test worker] c.d.a.challenge.AccountsControllerTest   : No active profile set, falling back to default profiles: default
2020-07-20 15:14:17.713  INFO 12236 --- [    Test worker] o.s.w.c.s.GenericWebApplicationContext   : Refreshing org.springframework.web.context.support.GenericWebApplicationContext@1105242c: startup date [Mon Jul 20 15:14:17 IST 2020]; root of context hierarchy
2020-07-20 15:14:20.456  INFO 12236 --- [    Test worker] s.w.s.m.m.a.RequestMappingHandlerAdapter : Looking for @ControllerAdvice: org.springframework.web.context.support.GenericWebApplicationContext@1105242c: startup date [Mon Jul 20 15:14:17 IST 2020]; root of context hierarchy
2020-07-20 15:14:20.542  INFO 12236 --- [    Test worker] s.w.s.m.m.a.RequestMappingHandlerMapping : Mapped "{[/v1/accounts/{accountId}],methods=[GET]}" onto public com.db.awmd.challenge.domain.Account com.db.awmd.challenge.web.AccountsController.getAccount(java.lang.String)
2020-07-20 15:14:20.558  INFO 12236 --- [    Test worker] s.w.s.m.m.a.RequestMappingHandlerMapping : Mapped "{[/v1/accounts],methods=[POST],consumes=[application/json]}" onto public org.springframework.http.ResponseEntity<java.lang.Object> com.db.awmd.challenge.web.AccountsController.createAccount(com.db.awmd.challenge.domain.Account)
2020-07-20 15:14:20.560  INFO 12236 --- [    Test worker] s.w.s.m.m.a.RequestMappingHandlerMapping : Mapped "{[/v1.0/accounts/fundtransfer],methods=[POST],consumes=[application/json]}" onto public org.springframework.http.ResponseEntity<java.lang.Object> com.db.awmd.challenge.web.FundTransferController.doTransfer(com.db.awmd.challenge.domain.FundTransfer)
2020-07-20 15:14:20.563  INFO 12236 --- [    Test worker] s.w.s.m.m.a.RequestMappingHandlerMapping : Mapped "{[/error]}" onto public org.springframework.http.ResponseEntity<java.util.Map<java.lang.String, java.lang.Object>> org.springframework.boot.autoconfigure.web.BasicErrorController.error(javax.servlet.http.HttpServletRequest)
2020-07-20 15:14:20.563  INFO 12236 --- [    Test worker] s.w.s.m.m.a.RequestMappingHandlerMapping : Mapped "{[/error],produces=[text/html]}" onto public org.springframework.web.servlet.ModelAndView org.springframework.boot.autoconfigure.web.BasicErrorController.errorHtml(javax.servlet.http.HttpServletRequest,javax.servlet.http.HttpServletResponse)
2020-07-20 15:14:20.603  INFO 12236 --- [    Test worker] o.s.w.s.handler.SimpleUrlHandlerMapping  : Mapped URL path [/webjars/**] onto handler of type [class org.springframework.web.servlet.resource.ResourceHttpRequestHandler]
2020-07-20 15:14:20.603  INFO 12236 --- [    Test worker] o.s.w.s.handler.SimpleUrlHandlerMapping  : Mapped URL path [/**] onto handler of type [class org.springframework.web.servlet.resource.ResourceHttpRequestHandler]
2020-07-20 15:14:20.660  INFO 12236 --- [    Test worker] o.s.w.s.handler.SimpleUrlHandlerMapping  : Mapped URL path [/**/favicon.ico] onto handler of type [class org.springframework.web.servlet.resource.ResourceHttpRequestHandler]
2020-07-20 15:14:20.866  INFO 12236 --- [    Test worker] c.d.a.challenge.AccountsControllerTest   : Started AccountsControllerTest in 3.53 seconds (JVM running for 5.113)
2020-07-20 15:14:20.943  INFO 12236 --- [    Test worker] o.s.b.t.m.w.SpringBootMockServletContext : Initializing Spring FrameworkServlet ''
2020-07-20 15:14:20.943  INFO 12236 --- [    Test worker] o.s.t.web.servlet.TestDispatcherServlet  : FrameworkServlet '': initialization started
2020-07-20 15:14:20.961  INFO 12236 --- [    Test worker] o.s.t.web.servlet.TestDispatcherServlet  : FrameworkServlet '': initialization completed in 18 ms
2020-07-20 15:14:21.239  INFO 12236 --- [    Test worker] c.d.a.challenge.web.AccountsController   : Creating account Account(accountId=Id-123, balance=1000)
2020-07-20 15:14:21.253  INFO 12236 --- [    Test worker] c.d.a.challenge.web.AccountsController   : Creating account Account(accountId=Id-123, balance=1000)
2020-07-20 15:14:21.261  INFO 12236 --- [    Test worker] o.s.b.t.m.w.SpringBootMockServletContext : Initializing Spring FrameworkServlet ''
2020-07-20 15:14:21.261  INFO 12236 --- [    Test worker] o.s.t.web.servlet.TestDispatcherServlet  : FrameworkServlet '': initialization started
2020-07-20 15:14:21.272  INFO 12236 --- [    Test worker] o.s.t.web.servlet.TestDispatcherServlet  : FrameworkServlet '': initialization completed in 11 ms
2020-07-20 15:14:21.272  INFO 12236 --- [    Test worker] c.d.a.challenge.web.AccountsController   : Retrieving account for id Id-1595238261272
2020-07-20 15:14:21.303  INFO 12236 --- [    Test worker] o.s.b.t.m.w.SpringBootMockServletContext : Initializing Spring FrameworkServlet ''
2020-07-20 15:14:21.303  INFO 12236 --- [    Test worker] o.s.t.web.servlet.TestDispatcherServlet  : FrameworkServlet '': initialization started
2020-07-20 15:14:21.308  INFO 12236 --- [    Test worker] o.s.t.web.servlet.TestDispatcherServlet  : FrameworkServlet '': initialization completed in 5 ms
2020-07-20 15:14:21.331  INFO 12236 --- [    Test worker] o.s.b.t.m.w.SpringBootMockServletContext : Initializing Spring FrameworkServlet ''
2020-07-20 15:14:21.331  INFO 12236 --- [    Test worker] o.s.t.web.servlet.TestDispatcherServlet  : FrameworkServlet '': initialization started
2020-07-20 15:14:21.335  INFO 12236 --- [    Test worker] o.s.t.web.servlet.TestDispatcherServlet  : FrameworkServlet '': initialization completed in 4 ms
2020-07-20 15:14:21.347  INFO 12236 --- [    Test worker] o.s.b.t.m.w.SpringBootMockServletContext : Initializing Spring FrameworkServlet ''
2020-07-20 15:14:21.348  INFO 12236 --- [    Test worker] o.s.t.web.servlet.TestDispatcherServlet  : FrameworkServlet '': initialization started
2020-07-20 15:14:21.349  INFO 12236 --- [    Test worker] o.s.t.web.servlet.TestDispatcherServlet  : FrameworkServlet '': initialization completed in 1 ms
2020-07-20 15:14:21.349  WARN 12236 --- [    Test worker] .w.s.m.s.DefaultHandlerExceptionResolver : Failed to read HTTP message: org.springframework.http.converter.HttpMessageNotReadableException: Required request body is missing: public org.springframework.http.ResponseEntity<java.lang.Object> com.db.awmd.challenge.web.AccountsController.createAccount(com.db.awmd.challenge.domain.Account)
2020-07-20 15:14:21.357  INFO 12236 --- [    Test worker] o.s.b.t.m.w.SpringBootMockServletContext : Initializing Spring FrameworkServlet ''
2020-07-20 15:14:21.357  INFO 12236 --- [    Test worker] o.s.t.web.servlet.TestDispatcherServlet  : FrameworkServlet '': initialization started
2020-07-20 15:14:21.361  INFO 12236 --- [    Test worker] o.s.t.web.servlet.TestDispatcherServlet  : FrameworkServlet '': initialization completed in 4 ms
2020-07-20 15:14:21.364  INFO 12236 --- [    Test worker] c.d.a.challenge.web.AccountsController   : Creating account Account(accountId=Id-123, balance=1000)
2020-07-20 15:14:21.502  INFO 12236 --- [    Test worker] o.s.b.t.m.w.SpringBootMockServletContext : Initializing Spring FrameworkServlet ''
2020-07-20 15:14:21.502  INFO 12236 --- [    Test worker] o.s.t.web.servlet.TestDispatcherServlet  : FrameworkServlet '': initialization started
2020-07-20 15:14:21.503  INFO 12236 --- [    Test worker] o.s.t.web.servlet.TestDispatcherServlet  : FrameworkServlet '': initialization completed in 1 ms
2020-07-20 15:14:21.511  INFO 12236 --- [    Test worker] o.s.b.t.m.w.SpringBootMockServletContext : Initializing Spring FrameworkServlet ''
2020-07-20 15:14:21.511  INFO 12236 --- [    Test worker] o.s.t.web.servlet.TestDispatcherServlet  : FrameworkServlet '': initialization started
2020-07-20 15:14:21.518  INFO 12236 --- [    Test worker] o.s.t.web.servlet.TestDispatcherServlet  : FrameworkServlet '': initialization completed in 7 ms
]]></system-out>
  <system-err><![CDATA[]]></system-err>
</testsuite>
